<?xml version="1.0" encoding="UTF-8"?>
<testng-results skipped="0" failed="0" total="1" passed="1">
  <reporter-output>
  </reporter-output>
  <suite name="Default suite" duration-ms="3924" started-at="2021-04-15T07:28:38Z" finished-at="2021-04-15T07:28:42Z">
    <groups>
    </groups>
    <test name="Default test" duration-ms="3924" started-at="2021-04-15T07:28:38Z" finished-at="2021-04-15T07:28:42Z">
      <class name="com.qa.test.GetAPITest">
        <test-method status="PASS" signature="setUp()[pri:0, instance:com.qa.test.GetAPITest@6ea12c19]" name="setUp" is-config="true" duration-ms="32" started-at="2021-04-15T12:58:38Z" finished-at="2021-04-15T12:58:38Z">
          <reporter-output>
          </reporter-output>
        </test-method> <!-- setUp -->
        <test-method status="PASS" signature="getAPITest()[pri:0, instance:com.qa.test.GetAPITest@6ea12c19]" name="getAPITest" duration-ms="3828" started-at="2021-04-15T12:58:38Z" finished-at="2021-04-15T12:58:42Z">
          <reporter-output>
          </reporter-output>
        </test-method> <!-- getAPITest -->
      </class> <!-- com.qa.test.GetAPITest -->
    </test> <!-- Default test -->
  </suite> <!-- Default suite -->
</testng-results>
